Pthreads Insertion Sort
Array size: 100000
Threads: 12
Mode: Ascending
Merge version: Serial
Merge time: 0.003039 seconds
Total execution time (sort+merge): 0.051012 seconds
 
Pthreads Insertion Sort
Array size: 100000
Threads: 12
Mode: Ascending
Merge version: Parallel
Merge time: 0.002564 seconds
Total execution time (sort+merge): 0.052647 seconds
 
Pthreads Insertion Sort
Array size: 100000
Threads: 12
Mode: Ascending
Merge version: Tree
Merge time: 0.002540 seconds
Total execution time (sort+merge): 0.057891 seconds
 
