Pthreads Insertion Sort
Array size: 100000
Threads: 10
Mode: Ascending
Merge version: Serial
Merge time: 0.003296 seconds
Total execution time (sort+merge): 0.066543 seconds
 
Pthreads Insertion Sort
Array size: 100000
Threads: 10
Mode: Ascending
Merge version: Parallel
Merge time: 0.002509 seconds
Total execution time (sort+merge): 0.065004 seconds
 
Pthreads Insertion Sort
Array size: 100000
Threads: 10
Mode: Ascending
Merge version: Tree
Merge time: 0.002536 seconds
Total execution time (sort+merge): 0.063688 seconds
 
