Pthreads Insertion Sort
Array size: 100000
Threads: 6
Mode: Ascending
Merge version: Serial
Merge time: 0.002175 seconds
Total execution time (sort+merge): 0.135892 seconds
 
Pthreads Insertion Sort
Array size: 100000
Threads: 6
Mode: Ascending
Merge version: Parallel
Merge time: 0.002215 seconds
Total execution time (sort+merge): 0.122713 seconds
 
Pthreads Insertion Sort
Array size: 100000
Threads: 6
Mode: Ascending
Merge version: Tree
Merge time: 0.002238 seconds
Total execution time (sort+merge): 0.127314 seconds
 
